0 info it worked if it ends with ok
1 verbose cli [ '/home/sabrina/.nvm/versions/node/v6.10.3/bin/node',
1 verbose cli   '/home/sabrina/.nvm/versions/node/v6.10.3/bin/npm',
1 verbose cli   'init',
1 verbose cli   '-y' ]
2 info using npm@3.10.10
3 info using node@v6.10.3
4 silly package data undefined
5 info init written successfully
6 verbose stack Error: Invalid name: "Project#4-Holiday_Calendar"
6 verbose stack     at ensureValidName (/home/sabrina/.nvm/versions/node/v6.10.3/lib/node_modules/npm/node_modules/normalize-package-data/lib/fixer.js:336:15)
6 verbose stack     at Object.fixNameField (/home/sabrina/.nvm/versions/node/v6.10.3/lib/node_modules/npm/node_modules/normalize-package-data/lib/fixer.js:215:5)
6 verbose stack     at /home/sabrina/.nvm/versions/node/v6.10.3/lib/node_modules/npm/node_modules/normalize-package-data/lib/normalize.js:32:38
6 verbose stack     at Array.forEach (native)
6 verbose stack     at normalize (/home/sabrina/.nvm/versions/node/v6.10.3/lib/node_modules/npm/node_modules/normalize-package-data/lib/normalize.js:31:15)
6 verbose stack     at final (/home/sabrina/.nvm/versions/node/v6.10.3/lib/node_modules/npm/node_modules/read-package-json/read-json.js:349:5)
6 verbose stack     at then (/home/sabrina/.nvm/versions/node/v6.10.3/lib/node_modules/npm/node_modules/read-package-json/read-json.js:124:5)
6 verbose stack     at ReadFileContext.<anonymous> (/home/sabrina/.nvm/versions/node/v6.10.3/lib/node_modules/npm/node_modules/read-package-json/read-json.js:295:20)
6 verbose stack     at ReadFileContext.callback (/home/sabrina/.nvm/versions/node/v6.10.3/lib/node_modules/npm/node_modules/graceful-fs/graceful-fs.js:78:16)
6 verbose stack     at FSReqWrap.readFileAfterOpen [as oncomplete] (fs.js:366:13)
7 verbose cwd /home/sabrina/wdi12/Project#4-Holiday_Calendar
8 error Linux 4.8.0-36-generic
9 error argv "/home/sabrina/.nvm/versions/node/v6.10.3/bin/node" "/home/sabrina/.nvm/versions/node/v6.10.3/bin/npm" "init" "-y"
10 error node v6.10.3
11 error npm  v3.10.10
12 error Invalid name: "Project#4-Holiday_Calendar"
13 error If you need help, you may report this error at:
13 error     <https://github.com/npm/npm/issues>
14 verbose exit [ 1, true ]
